<?xml version="1.0" encoding="UTF-8"?>
<!-- Generated by org.testng.reporters.JUnitReportReporter -->
<testsuite hostname="Pranit-Dhole07" failures="0" tests="4" name="frontdesk_tests.Test_Search_Functionality" time="67.451" errors="0" timestamp="2023-02-07T08:55:22 IST" skipped="0">
  <testcase classname="frontdesk_tests.Test_Search_Functionality" name="Test_Search_By_DoctorNamein_ConsultationsScreen" time="13.387"/>
  <system-out/>
  <testcase classname="frontdesk_tests.Test_Search_Functionality" name="Test_Search_By_DoctorNamein_appointmentsScreen" time="22.890"/>
  <system-out/>
  <testcase classname="frontdesk_tests.Test_Search_Functionality" name="Test_Search_By_PatientName_in_ConsultationsScreen" time="15.755"/>
  <system-out/>
  <testcase classname="frontdesk_tests.Test_Search_Functionality" name="Test_Search_By_PatientName_in_appointmentsScreen" time="15.419"/>
  <system-out/>
</testsuite> <!-- frontdesk_tests.Test_Search_Functionality -->
