<?xml version="1.0" encoding="UTF-8"?>
<!-- Generated by org.testng.reporters.JUnitReportReporter -->
<testsuite hostname="Pranit-Dhole07" failures="0" tests="1" name="calendar_booking_tests.Test_Make_Payment_For_Counselling_Session_From_Calendar" time="45.622" errors="0" timestamp="2023-04-17T14:29:05 IST" skipped="0">
  <testcase classname="calendar_booking_tests.Test_Make_Payment_For_Counselling_Session_From_Calendar" name="Test_FrontDesk_is_able_to_MakePayment_For_Counselling_Session" time="45.622"/>
  <system-out/>
</testsuite> <!-- calendar_booking_tests.Test_Make_Payment_For_Counselling_Session_From_Calendar -->
