<?xml version="1.0" encoding="UTF-8"?>
<!-- Generated by org.testng.reporters.JUnitReportReporter -->
<testsuite hostname="Pranit-Dhole07" failures="0" tests="2" name="frontdesk_tests.Test_FrontDesk_is_able_to_schedule_procedure_appointment" time="39.239" errors="0" timestamp="2023-02-22T09:17:51 IST" skipped="0">
  <testcase classname="frontdesk_tests.Test_FrontDesk_is_able_to_schedule_procedure_appointment" name="Test_FrontDesk_is_able_to_Scroll_in_appointmentsScreen" time="23.549"/>
  <system-out/>
  <testcase classname="frontdesk_tests.Test_FrontDesk_is_able_to_schedule_procedure_appointment" name="Test_FrontDesk_is_able_todo_Cancelling_Procedure_Appointment" time="15.690"/>
  <system-out/>
</testsuite> <!-- frontdesk_tests.Test_FrontDesk_is_able_to_schedule_procedure_appointment -->
