<?xml version="1.0" encoding="UTF-8"?>
<!-- Generated by org.testng.reporters.JUnitReportReporter -->
<testsuite hostname="Pranit-Dhole07" failures="0" tests="6" name="appointments_tests.Test_SuperDoctor_Booking_Procedure_Appointment" time="225.564" errors="0" timestamp="2023-02-22T09:17:51 IST" skipped="0">
  <testcase classname="appointments_tests.Test_SuperDoctor_Booking_Procedure_Appointment" name="Test_SuperDoctor_is_able_to_Book_Procedure_Appointment4" time="45.164"/>
  <system-out/>
  <testcase classname="appointments_tests.Test_SuperDoctor_Booking_Procedure_Appointment" name="Test_SuperDoctor_is_able_to_Book_Procedure_Appointment1" time="41.277"/>
  <system-out/>
  <testcase classname="appointments_tests.Test_SuperDoctor_Booking_Procedure_Appointment" name="Test_SuperDoctor_is_able_to_Book_Procedure_Appointment2" time="39.950"/>
  <system-out/>
  <testcase classname="appointments_tests.Test_SuperDoctor_Booking_Procedure_Appointment" name="Test_SuperDoctor_is_able_todo_Cancelling_Procedure_Appointment" time="15.192"/>
  <system-out/>
  <testcase classname="appointments_tests.Test_SuperDoctor_Booking_Procedure_Appointment" name="Test_SuperDoctor_is_able_to_Book_Procedure_Appointment3" time="38.321"/>
  <system-out/>
  <testcase classname="appointments_tests.Test_SuperDoctor_Booking_Procedure_Appointment" name="Test_SuperDoctor_is_able_to_Book_Procedure_Appointment5" time="45.660"/>
  <system-out/>
</testsuite> <!-- appointments_tests.Test_SuperDoctor_Booking_Procedure_Appointment -->
