<?xml version="1.0" encoding="UTF-8"?>
<!-- Generated by org.testng.reporters.JUnitReportReporter -->
<testsuite hostname="Pranit-Dhole07" failures="0" tests="2" name="payments_tests.Test_Calculations_In_CreditNotes" time="66.901" errors="0" timestamp="2023-04-17T14:29:05 IST" skipped="0">
  <testcase classname="payments_tests.Test_Calculations_In_CreditNotes" name="Test_TotalAmount_InCreditNote_BasedOn_Quantity_And_CostPerUnit" time="34.389"/>
  <system-out/>
  <testcase classname="payments_tests.Test_Calculations_In_CreditNotes" name="Test_TotalAmount_InCreditNote_BasedOn_Quantity_And_CostPerUnit" time="32.512"/>
  <system-out/>
</testsuite> <!-- payments_tests.Test_Calculations_In_CreditNotes -->
