<?xml version="1.0" encoding="UTF-8"?>
<!-- Generated by org.testng.reporters.JUnitReportReporter -->
<testsuite hostname="Pranit-Dhole07" failures="0" tests="6" name="payments_tests.Test_NewCreditNote" time="213.935" errors="0" timestamp="2023-04-17T14:29:05 IST" skipped="0">
  <testcase classname="payments_tests.Test_NewCreditNote" name="Test_Create_CreditNote_For_Product" time="38.683"/>
  <system-out/>
  <testcase classname="payments_tests.Test_NewCreditNote" name="Test_CreditNote_Filters_Open" time="29.097"/>
  <system-out/>
  <testcase classname="payments_tests.Test_NewCreditNote" name="Test_Create_CreditNote_For_Procedure" time="38.893"/>
  <system-out/>
  <testcase classname="payments_tests.Test_NewCreditNote" name="Test_Create_CreditNote_For_Procedure" time="42.196"/>
  <system-out/>
  <testcase classname="payments_tests.Test_NewCreditNote" name="Test_CreditNote_Filters_Close" time="28.626"/>
  <system-out/>
  <testcase classname="payments_tests.Test_NewCreditNote" name="Test_Create_CreditNote_For_Product" time="36.440"/>
  <system-out/>
</testsuite> <!-- payments_tests.Test_NewCreditNote -->
