<?xml version="1.0" encoding="UTF-8"?>
<!-- Generated by org.testng.reporters.JUnitReportReporter -->
<testsuite hostname="Pranit-Dhole07" failures="0" tests="1" name="appointments_tests.Consultation_appointment_test" time="44.234" errors="0" timestamp="2022-11-22T16:34:12 IST" skipped="0">
  <testcase classname="appointments_tests.Consultation_appointment_test" name="ConsultationAppoinment" time="44.234"/>
  <system-out/>
</testsuite> <!-- appointments_tests.Consultation_appointment_test -->
