<?xml version="1.0" encoding="UTF-8"?>
<!-- Generated by org.testng.reporters.JUnitReportReporter -->
<testsuite hostname="Pranit-Dhole07" failures="0" tests="3" name="doctor_tests.Test_Doctor_is_able_to_access_filters" time="73.230" errors="0" timestamp="2023-04-17T14:29:05 IST" skipped="0">
  <testcase classname="doctor_tests.Test_Doctor_is_able_to_access_filters" name="Test_Doctor_is_able_to_apply_Sessionfilter_in_appointmentsScreen" time="21.920"/>
  <system-out/>
  <testcase classname="doctor_tests.Test_Doctor_is_able_to_access_filters" name="Test_Doctor_is_able_to_apply_Consultationfilter_in_appointmentsScreen" time="26.613"/>
  <system-out/>
  <testcase classname="doctor_tests.Test_Doctor_is_able_to_access_filters" name="Test_Doctor_is_able_to_apply_Counsellingfilter_in_appointmentsScreen" time="24.697"/>
  <system-out/>
</testsuite> <!-- doctor_tests.Test_Doctor_is_able_to_access_filters -->
