<?xml version="1.0" encoding="UTF-8"?>
<!-- Generated by org.testng.reporters.JUnitReportReporter -->
<testsuite hostname="Pranit-Dhole07" failures="0" tests="3" name="payments_tests.Test_Create_RetainerInvoice" time="107.994" errors="0" timestamp="2023-04-17T14:29:05 IST" skipped="0">
  <testcase classname="payments_tests.Test_Create_RetainerInvoice" name="Create_New_RetainerInvoice" time="36.879"/>
  <system-out/>
  <testcase classname="payments_tests.Test_Create_RetainerInvoice" name="Create_New_RetainerInvoice" time="37.293"/>
  <system-out/>
  <testcase classname="payments_tests.Test_Create_RetainerInvoice" name="Create_New_RetainerInvoice" time="33.822"/>
  <system-out/>
</testsuite> <!-- payments_tests.Test_Create_RetainerInvoice -->
