<?xml version="1.0" encoding="UTF-8"?>
<!-- Generated by org.testng.reporters.JUnitReportReporter -->
<testsuite hostname="Pranit-Dhole07" failures="0" tests="1" name="doctor_tests.Test_Doctor_is_able_to_change_patient_journey_status" time="52.092" errors="0" timestamp="2023-04-17T14:29:05 IST" skipped="0">
  <testcase classname="doctor_tests.Test_Doctor_is_able_to_change_patient_journey_status" name="Test_Doctor_Booking_Consultation_Appointment" time="52.092"/>
  <system-out/>
</testsuite> <!-- doctor_tests.Test_Doctor_is_able_to_change_patient_journey_status -->
