<?xml version="1.0" encoding="UTF-8"?>
<!-- Generated by org.testng.reporters.JUnitReportReporter -->
<testsuite hostname="Pranit-Dhole07" failures="0" tests="2" name="patients_tests.Test_NewPatients_Registration" time="65.270" errors="0" timestamp="2023-04-17T14:29:05 IST" skipped="0">
  <testcase classname="patients_tests.Test_NewPatients_Registration" name="Test_RegisterNew_Patient_With_Unique_PhoneNumber" time="29.120"/>
  <system-out/>
  <testcase classname="patients_tests.Test_NewPatients_Registration" name="Test_Patient_Image_Upload" time="36.150"/>
  <system-out/>
</testsuite> <!-- patients_tests.Test_NewPatients_Registration -->
