<?xml version="1.0" encoding="UTF-8"?>
<!-- Generated by org.testng.reporters.JUnitReportReporter -->
<testsuite hostname="Pranit-Dhole07" failures="0" tests="4" name="superdoctor_tests.Test_SuperDoctor_is_able_to_add_new_Equipment" time="97.165" errors="0" timestamp="2023-04-17T14:29:05 IST" skipped="0">
  <testcase classname="superdoctor_tests.Test_SuperDoctor_is_able_to_add_new_Equipment" name="Test_Mobility_Mobile_Filter_in_Equipments" time="29.244"/>
  <system-out/>
  <testcase classname="superdoctor_tests.Test_SuperDoctor_is_able_to_add_new_Equipment" name="Test_Search_in_Equipments" time="22.099"/>
  <system-out/>
  <testcase classname="superdoctor_tests.Test_SuperDoctor_is_able_to_add_new_Equipment" name="Test_SuperDoctor_is_able_to_add_new_Equipment" time="21.936"/>
  <system-out/>
  <testcase classname="superdoctor_tests.Test_SuperDoctor_is_able_to_add_new_Equipment" name="Test_Mobility_Fixed_Filter_in_Equipments" time="23.886"/>
  <system-out/>
</testsuite> <!-- superdoctor_tests.Test_SuperDoctor_is_able_to_add_new_Equipment -->
