<?xml version="1.0" encoding="UTF-8"?>
<!-- Generated by org.testng.reporters.JUnitReportReporter -->
<testsuite hostname="Pranit-Dhole07" failures="0" tests="1" name="frontdesk_tests.Test_FrontDesk_is_able_to_search_in_SearchBar" time="28.571" errors="0" timestamp="2023-02-02T14:16:55 IST" skipped="0">
  <testcase classname="frontdesk_tests.Test_FrontDesk_is_able_to_search_in_SearchBar" name="Test_Search_Functionality_in_Appointments_Screen" time="28.571"/>
  <system-out/>
</testsuite> <!-- frontdesk_tests.Test_FrontDesk_is_able_to_search_in_SearchBar -->
