<?xml version="1.0" encoding="UTF-8"?>
<!-- Generated by org.testng.reporters.JUnitReportReporter -->
<testsuite hostname="Pranit-Dhole07" failures="0" tests="1" name="payments_tests.Test2" time="46.550" errors="0" timestamp="2022-12-01T13:19:12 IST" skipped="0">
  <testcase classname="payments_tests.Test2" name="Test_Refund_From_CreditNote" time="46.550"/>
  <system-out/>
</testsuite> <!-- payments_tests.Test2 -->
