<?xml version="1.0" encoding="UTF-8"?>
<!-- Generated by org.testng.reporters.JUnitReportReporter -->
<testsuite hostname="Pranit-Dhole07" failures="0" tests="3" name="feedback_tests.NewFeedback" time="68.881" errors="0" timestamp="2022-11-22T16:34:12 IST" skipped="0">
  <testcase classname="feedback_tests.NewFeedback" name="Share_FeedbackWAP" time="24.927"/>
  <system-out/>
  <testcase classname="feedback_tests.NewFeedback" name="Share_FeedbackMail" time="15.604"/>
  <system-out/>
  <testcase classname="feedback_tests.NewFeedback" name="Create_Feedback" time="28.350"/>
  <system-out/>
</testsuite> <!-- feedback_tests.NewFeedback -->
