<?xml version="1.0" encoding="UTF-8"?>
<!-- Generated by org.testng.reporters.JUnitReportReporter -->
<testsuite hostname="Pranit-Dhole07" failures="0" tests="6" name="appointments_tests.Test_Consultation_appointment_Booking" time="172.432" errors="0" timestamp="2022-12-16T08:49:37 IST" skipped="0">
  <testcase classname="appointments_tests.Test_Consultation_appointment_Booking" name="Test_Book_Consultation_Appoinments3" time="31.764"/>
  <system-out/>
  <testcase classname="appointments_tests.Test_Consultation_appointment_Booking" name="Test_Book_Consultation_Appoinments5" time="31.198"/>
  <system-out/>
  <testcase classname="appointments_tests.Test_Consultation_appointment_Booking" name="Test_Scrolling_AppointmentsScreen" time="15.508"/>
  <system-out/>
  <testcase classname="appointments_tests.Test_Consultation_appointment_Booking" name="Test_Book_Consultation_Appoinments4" time="29.086"/>
  <system-out/>
  <testcase classname="appointments_tests.Test_Consultation_appointment_Booking" name="Test_Book_Consultation_Appoinments2" time="32.992"/>
  <system-out/>
  <testcase classname="appointments_tests.Test_Consultation_appointment_Booking" name="Test_Book_Consultation_Appoinments" time="31.884"/>
  <system-out/>
</testsuite> <!-- appointments_tests.Test_Consultation_appointment_Booking -->
