<?xml version="1.0" encoding="UTF-8"?>
<!-- Generated by org.testng.reporters.JUnitReportReporter -->
<testsuite hostname="Pranit-Dhole07" failures="0" tests="1" name="payments_tests.PaymentsListcheck" time="60.634" errors="0" timestamp="2022-11-20T15:15:59 IST" skipped="0">
  <testcase classname="payments_tests.PaymentsListcheck" name="ListPayments" time="60.634"/>
  <system-out/>
</testsuite> <!-- payments_tests.PaymentsListcheck -->
