<?xml version="1.0" encoding="UTF-8"?>
<!-- Generated by org.testng.reporters.JUnitReportReporter -->
<testsuite hostname="Pranit-Dhole07" failures="0" tests="1" name="appointments_tests.Counselling_appointment_test" time="52.063" errors="0" timestamp="2022-11-22T16:34:12 IST" skipped="0">
  <testcase classname="appointments_tests.Counselling_appointment_test" name="CounsellingAppoinmentS" time="52.063"/>
  <system-out/>
</testsuite> <!-- appointments_tests.Counselling_appointment_test -->
