<?xml version="1.0" encoding="UTF-8"?>
<!-- Generated by org.testng.reporters.JUnitReportReporter -->
<testsuite hostname="Pranit-Dhole07" failures="0" tests="3" name="feedback_tests.Test_NewFeedback" time="75.509" errors="0" timestamp="2023-04-17T14:29:05 IST" skipped="0">
  <testcase classname="feedback_tests.Test_NewFeedback" name="Share_Feedback_Through_Whatsapp" time="26.731"/>
  <system-out/>
  <testcase classname="feedback_tests.Test_NewFeedback" name="Share_Feedback_Through_Mail" time="24.040"/>
  <system-out/>
  <testcase classname="feedback_tests.Test_NewFeedback" name="Create_Feedback" time="24.738"/>
  <system-out/>
</testsuite> <!-- feedback_tests.Test_NewFeedback -->
