<?xml version="1.0" encoding="UTF-8"?>
<!-- Generated by org.testng.reporters.JUnitReportReporter -->
<testsuite hostname="Pranit-Dhole07" failures="0" tests="7" name="login_Roles_tests.Test_Login_For_Different_Roles" time="128.390" errors="0" timestamp="2023-04-17T14:29:05 IST" skipped="0">
  <testcase classname="login_Roles_tests.Test_Login_For_Different_Roles" name="Test_SuperAdmin_is_able_to_Login_Application" time="18.497"/>
  <system-out/>
  <testcase classname="login_Roles_tests.Test_Login_For_Different_Roles" name="Test_Doctor_is_able_to_Login_Application" time="19.841"/>
  <system-out/>
  <testcase classname="login_Roles_tests.Test_Login_For_Different_Roles" name="Test_SuperDoctor_is_able_to_Login_Application" time="20.010"/>
  <system-out/>
  <testcase classname="login_Roles_tests.Test_Login_For_Different_Roles" name="Test_Therpist_is_able_to_Login_Application" time="17.359"/>
  <system-out/>
  <testcase classname="login_Roles_tests.Test_Login_For_Different_Roles" name="Test_Manager_is_able_to_Login_Application" time="18.677"/>
  <system-out/>
  <testcase classname="login_Roles_tests.Test_Login_For_Different_Roles" name="Test_FrontDesk_is_able_to_Login_Application" time="17.295"/>
  <system-out/>
  <testcase classname="login_Roles_tests.Test_Login_For_Different_Roles" name="Test_Consultatnt_is_able_to_Login_Application" time="16.711"/>
  <system-out/>
</testsuite> <!-- login_Roles_tests.Test_Login_For_Different_Roles -->
