<?xml version="1.0" encoding="UTF-8"?>
<!-- Generated by org.testng.reporters.JUnitReportReporter -->
<testsuite hostname="Pranit-Dhole07" failures="0" tests="4" name="superdoctor_tests.Test_SuperDoctor_is_able_to_change_patient_journey_status" time="123.214" errors="0" timestamp="2023-04-17T14:29:05 IST" skipped="0">
  <testcase classname="superdoctor_tests.Test_SuperDoctor_is_able_to_change_patient_journey_status" name="Test_SuperDoctor_is_able_to_change_patient_journey_status_to_Confirmed" time="25.633"/>
  <system-out/>
  <testcase classname="superdoctor_tests.Test_SuperDoctor_is_able_to_change_patient_journey_status" name="Test_SuperDoctor_is_able_to_change_patient_journey_status_to_Checkout" time="24.553"/>
  <system-out/>
  <testcase classname="superdoctor_tests.Test_SuperDoctor_is_able_to_change_patient_journey_status" name="Test_SuperDoctor_is_able_to_change_patient_journey_status_to_Checkin" time="45.457"/>
  <system-out/>
  <testcase classname="superdoctor_tests.Test_SuperDoctor_is_able_to_change_patient_journey_status" name="Test_SuperDoctor_is_able_to_change_patient_journey_status_to_Engaged" time="27.571"/>
  <system-out/>
</testsuite> <!-- superdoctor_tests.Test_SuperDoctor_is_able_to_change_patient_journey_status -->
