<?xml version="1.0" encoding="UTF-8"?>
<!-- Generated by org.testng.reporters.JUnitReportReporter -->
<testsuite hostname="Pranit-Dhole07" failures="0" tests="3" name="superdoctor_tests.Test_SuperDoctor_is_able_to_Add_Consultation" time="90.325" errors="0" timestamp="2023-04-17T14:29:05 IST" skipped="0">
  <testcase classname="superdoctor_tests.Test_SuperDoctor_is_able_to_Add_Consultation" name="Test_SuperDoctor_is_able_to_add_consultation_and_save_it_AsDraft" time="27.334"/>
  <system-out/>
  <testcase classname="superdoctor_tests.Test_SuperDoctor_is_able_to_Add_Consultation" name="Test_SuperDoctor_is_able_to_resume_Drafted_consultation" time="26.192"/>
  <system-out/>
  <testcase classname="superdoctor_tests.Test_SuperDoctor_is_able_to_Add_Consultation" name="Test_SuperDoctor_is_able_to_add_consultation" time="36.799"/>
  <system-out/>
</testsuite> <!-- superdoctor_tests.Test_SuperDoctor_is_able_to_Add_Consultation -->
