<?xml version="1.0" encoding="UTF-8"?>
<!-- Generated by org.testng.reporters.JUnitReportReporter -->
<testsuite hostname="Pranit-Dhole07" failures="0" tests="2" name="frontdesk_tests.Test_Search_Functionality_in_appointments_screen" time="29.243" errors="0" timestamp="2023-02-04T08:23:41 IST" skipped="0">
  <testcase classname="frontdesk_tests.Test_Search_Functionality_in_appointments_screen" name="Test_Search_By_DoctorName" time="14.291"/>
  <system-out/>
  <testcase classname="frontdesk_tests.Test_Search_Functionality_in_appointments_screen" name="Test_Search_By_PatientName" time="14.952"/>
  <system-out/>
</testsuite> <!-- frontdesk_tests.Test_Search_Functionality_in_appointments_screen -->
