<?xml version="1.0" encoding="UTF-8"?>
<!-- Generated by org.testng.reporters.JUnitReportReporter -->
<testsuite hostname="Pranit-Dhole07" failures="0" tests="2" name="superdoctor_tests.Test_SuperDoctor_is_Able_To_AddNew_Room" time="49.384" errors="0" timestamp="2023-04-17T14:29:05 IST" skipped="0">
  <testcase classname="superdoctor_tests.Test_SuperDoctor_is_Able_To_AddNew_Room" name="Test_SuperDoctor_is_Able_To_AddNew_Room" time="27.831"/>
  <system-out/>
  <testcase classname="superdoctor_tests.Test_SuperDoctor_is_Able_To_AddNew_Room" name="Test_Search_Functionality_in_Rooms" time="21.553"/>
  <system-out/>
</testsuite> <!-- superdoctor_tests.Test_SuperDoctor_is_Able_To_AddNew_Room -->
