<?xml version="1.0" encoding="UTF-8"?>
<!-- Generated by org.testng.reporters.JUnitReportReporter -->
<testsuite hostname="Pranit-Dhole07" failures="0" tests="2" name="appointments_tests.Test_Procedure_Appointment_Booking" time="58.828" errors="0" timestamp="2022-12-16T08:49:37 IST" skipped="0">
  <testcase classname="appointments_tests.Test_Procedure_Appointment_Booking" name="Test_Cancelling_Procedure_Appointment" time="16.936"/>
  <system-out/>
  <testcase classname="appointments_tests.Test_Procedure_Appointment_Booking" name="Test_Book_Procedure_Appointment1" time="41.892"/>
  <system-out/>
</testsuite> <!-- appointments_tests.Test_Procedure_Appointment_Booking -->
