<?xml version="1.0" encoding="UTF-8"?>
<!-- Generated by org.testng.reporters.JUnitReportReporter -->
<testsuite hostname="Pranit-Dhole07" failures="0" tests="6" name="appointments_tests.Test_SuperDoctor_Booking_Consultation_appointment" time="131.494" errors="0" timestamp="2023-02-22T09:17:51 IST" skipped="0">
  <testcase classname="appointments_tests.Test_SuperDoctor_Booking_Consultation_appointment" name="Test_SuperDoctor_is_able_to_Book_Consultation_Appoinments4" time="27.492"/>
  <system-out/>
  <testcase classname="appointments_tests.Test_SuperDoctor_Booking_Consultation_appointment" name="Test_SuperDoctor_is_able_to_Book_Consultation_Appoinments2" time="23.042"/>
  <system-out/>
  <testcase classname="appointments_tests.Test_SuperDoctor_Booking_Consultation_appointment" name="Test_SuperDoctor_is_able_to_Book_Consultation_Appoinments" time="23.548"/>
  <system-out/>
  <testcase classname="appointments_tests.Test_SuperDoctor_Booking_Consultation_appointment" name="Test_SuperDoctor_is_able_to_do_Scrolling_AppointmentsScreen" time="10.311"/>
  <system-out/>
  <testcase classname="appointments_tests.Test_SuperDoctor_Booking_Consultation_appointment" name="Test_SuperDoctor_is_able_to_Book_Consultation_Appoinments3" time="23.435"/>
  <system-out/>
  <testcase classname="appointments_tests.Test_SuperDoctor_Booking_Consultation_appointment" name="Test_SuperDoctor_is_able_to_Book_Consultation_Appoinments5" time="23.666"/>
  <system-out/>
</testsuite> <!-- appointments_tests.Test_SuperDoctor_Booking_Consultation_appointment -->
