<?xml version="1.0" encoding="UTF-8"?>
<!-- Generated by org.testng.reporters.JUnitReportReporter -->
<testsuite hostname="Pranit-Dhole07" failures="0" tests="4" name="frontdesk_tests.Test_FrontDesk_is_able_to_change_patient_journey_status" time="121.576" errors="0" timestamp="2023-04-17T14:29:05 IST" skipped="0">
  <testcase classname="frontdesk_tests.Test_FrontDesk_is_able_to_change_patient_journey_status" name="Test_FrontDesk_is_able_to_change_patient_journey_status_to_Checkout" time="24.657"/>
  <system-out/>
  <testcase classname="frontdesk_tests.Test_FrontDesk_is_able_to_change_patient_journey_status" name="Test_FrontDesk_is_able_to_change_patient_journey_status_to_Checkin" time="44.832"/>
  <system-out/>
  <testcase classname="frontdesk_tests.Test_FrontDesk_is_able_to_change_patient_journey_status" name="Test_FrontDesk_is_able_to_change_patient_journey_status_to_Confirmed" time="26.123"/>
  <system-out/>
  <testcase classname="frontdesk_tests.Test_FrontDesk_is_able_to_change_patient_journey_status" name="Test_FrontDesk_is_able_to_change_patient_journey_status_to_Engaged" time="25.964"/>
  <system-out/>
</testsuite> <!-- frontdesk_tests.Test_FrontDesk_is_able_to_change_patient_journey_status -->
