<?xml version="1.0" encoding="UTF-8"?>
<!-- Generated by org.testng.reporters.JUnitReportReporter -->
<testsuite hostname="Pranit-Dhole07" failures="0" tests="1" name="frontdesk_tests.Test_FrontDesk_is_able_to_Book_Counselling_Appointment" time="30.583" errors="0" timestamp="2023-02-22T09:17:51 IST" skipped="0">
  <testcase classname="frontdesk_tests.Test_FrontDesk_is_able_to_Book_Counselling_Appointment" name="Test__to_Book_Counselling_Appointment" time="30.583"/>
  <system-out/>
</testsuite> <!-- frontdesk_tests.Test_FrontDesk_is_able_to_Book_Counselling_Appointment -->
