<?xml version="1.0" encoding="UTF-8"?>
<!-- Generated by org.testng.reporters.JUnitReportReporter -->
<testsuite hostname="Pranit-Dhole07" failures="0" tests="8" name="frontdesk_tests.Test_FrontDesk_is_able_to_access_filters_in_consultations_screen" time="227.957" errors="0" timestamp="2023-04-17T14:29:05 IST" skipped="0">
  <testcase classname="frontdesk_tests.Test_FrontDesk_is_able_to_access_filters_in_consultations_screen" name="Test_FrontDesk_is_able_to_AllFilter" time="28.998"/>
  <system-out/>
  <testcase classname="frontdesk_tests.Test_FrontDesk_is_able_to_access_filters_in_consultations_screen" name="Test_FrontDesk_is_able_to_Apply_PatientStaus_AllFilter" time="27.500"/>
  <system-out/>
  <testcase classname="frontdesk_tests.Test_FrontDesk_is_able_to_access_filters_in_consultations_screen" name="Test_FrontDesk_is_able_to_DraftFilter" time="30.146"/>
  <system-out/>
  <testcase classname="frontdesk_tests.Test_FrontDesk_is_able_to_access_filters_in_consultations_screen" name="Test_FrontDesk_is_able_to_CancelledFilter" time="27.459"/>
  <system-out/>
  <testcase classname="frontdesk_tests.Test_FrontDesk_is_able_to_access_filters_in_consultations_screen" name="Test_FrontDesk_is_able_to_Apply_PatientStaus_CheckinFilter" time="28.452"/>
  <system-out/>
  <testcase classname="frontdesk_tests.Test_FrontDesk_is_able_to_access_filters_in_consultations_screen" name="Test_FrontDesk_is_able_to_Apply_PatientStaus_CheckOutFilter" time="28.510"/>
  <system-out/>
  <testcase classname="frontdesk_tests.Test_FrontDesk_is_able_to_access_filters_in_consultations_screen" name="Test_FrontDesk_is_able_to_ScheduledFilter" time="27.868"/>
  <system-out/>
  <testcase classname="frontdesk_tests.Test_FrontDesk_is_able_to_access_filters_in_consultations_screen" name="Test_FrontDesk_is_able_to_Apply_PatientStaus_EngagedFilter" time="29.024"/>
  <system-out/>
</testsuite> <!-- frontdesk_tests.Test_FrontDesk_is_able_to_access_filters_in_consultations_screen -->
