<?xml version="1.0" encoding="UTF-8"?>
<!-- Generated by org.testng.reporters.JUnitReportReporter -->
<testsuite hostname="Pranit-Dhole07" failures="0" tests="1" name="accountant_tests.Test_Accountant_is_able_to_make_Payment" time="12.720" errors="0" timestamp="2023-04-17T14:29:05 IST" skipped="0">
  <testcase classname="accountant_tests.Test_Accountant_is_able_to_make_Payment" name="Test_Accountant_is_able_to_make_Payment" time="12.720"/>
  <system-out/>
</testsuite> <!-- accountant_tests.Test_Accountant_is_able_to_make_Payment -->
