<?xml version="1.0" encoding="UTF-8"?>
<!-- Generated by org.testng.reporters.JUnitReportReporter -->
<testsuite hostname="Pranit-Dhole07" failures="0" tests="1" name="calendar_booking_tests.Test_Counselling_Appointment_Flow" time="56.088" errors="0" timestamp="2023-04-17T14:29:05 IST" skipped="0">
  <testcase classname="calendar_booking_tests.Test_Counselling_Appointment_Flow" name="Test_FrontDesk_is_able_to_book_Counselling_appointment" time="56.088"/>
  <system-out/>
</testsuite> <!-- calendar_booking_tests.Test_Counselling_Appointment_Flow -->
