<?xml version="1.0" encoding="UTF-8"?>
<!-- Generated by org.testng.reporters.JUnitReportReporter -->
<testsuite hostname="Pranit-Dhole07" failures="0" tests="4" name="payments_tests.NewCreditNote" time="115.038" errors="0" timestamp="2022-11-22T16:34:12 IST" skipped="0">
  <testcase classname="payments_tests.NewCreditNote" name="creditnote_Product" time="24.833"/>
  <system-out/>
  <testcase classname="payments_tests.NewCreditNote" name="creditnote_Procedure" time="28.861"/>
  <system-out/>
  <testcase classname="payments_tests.NewCreditNote" name="creditnote_Product" time="25.190"/>
  <system-out/>
  <testcase classname="payments_tests.NewCreditNote" name="creditnote_Procedure" time="36.154"/>
  <system-out/>
</testsuite> <!-- payments_tests.NewCreditNote -->
