<?xml version="1.0" encoding="UTF-8"?>
<!-- Generated by org.testng.reporters.JUnitReportReporter -->
<testsuite hostname="Pranit-Dhole07" failures="0" tests="4" name="payments_tests.Creditfrominvoice" time="107.146" errors="0" timestamp="2022-11-22T16:34:12 IST" skipped="0">
  <testcase classname="payments_tests.Creditfrominvoice" name="DeleteInvoice" time="26.986"/>
  <system-out/>
  <testcase classname="payments_tests.Creditfrominvoice" name="Invoicecredite" time="30.717"/>
  <system-out/>
  <testcase classname="payments_tests.Creditfrominvoice" name="Invoicecredite" time="29.119"/>
  <system-out/>
  <testcase classname="payments_tests.Creditfrominvoice" name="DeleteInvoice" time="20.324"/>
  <system-out/>
</testsuite> <!-- payments_tests.Creditfrominvoice -->
