<?xml version="1.0" encoding="UTF-8"?>
<!-- Generated by org.testng.reporters.JUnitReportReporter -->
<testsuite hostname="Pranit-Dhole07" failures="0" tests="2" name="payments_tests.Test_Deleting_CreditNote" time="95.045" errors="0" timestamp="2023-04-17T14:29:05 IST" skipped="0">
  <testcase classname="payments_tests.Test_Deleting_CreditNote" name="Test_Delete_Recently_Created_CreditNote" time="47.917"/>
  <system-out/>
  <testcase classname="payments_tests.Test_Deleting_CreditNote" name="Test_Delete_Recently_Created_CreditNote" time="47.128"/>
  <system-out/>
</testsuite> <!-- payments_tests.Test_Deleting_CreditNote -->
