<?xml version="1.0" encoding="UTF-8"?>
<!-- Generated by org.testng.reporters.JUnitReportReporter -->
<testsuite hostname="Pranit-Dhole07" failures="0" tests="3" name="frontdesk_tests.Test_FrontDesk_is_able_to_access_filters_in_procedure_screen" time="90.016" errors="0" timestamp="2023-04-17T14:29:05 IST" skipped="0">
  <testcase classname="frontdesk_tests.Test_FrontDesk_is_able_to_access_filters_in_procedure_screen" name="Test_FrontDesk_is_able_to_check_ScheduledSessions" time="27.841"/>
  <system-out/>
  <testcase classname="frontdesk_tests.Test_FrontDesk_is_able_to_access_filters_in_procedure_screen" name="Test_FrontDesk_is_able_to_check_DraftedSessions" time="29.959"/>
  <system-out/>
  <testcase classname="frontdesk_tests.Test_FrontDesk_is_able_to_access_filters_in_procedure_screen" name="Test_FrontDesk_is_able_to_check_CancelledSessions" time="32.216"/>
  <system-out/>
</testsuite> <!-- frontdesk_tests.Test_FrontDesk_is_able_to_access_filters_in_procedure_screen -->
