<?xml version="1.0" encoding="UTF-8"?>
<!-- Generated by org.testng.reporters.JUnitReportReporter -->
<testsuite hostname="Pranit-Dhole07" failures="0" tests="1" name="appointments_flow_tests.Test_Consultation_Appointment_Flow" time="28.525" errors="0" timestamp="2023-02-22T09:17:51 IST" skipped="0">
  <testcase classname="appointments_flow_tests.Test_Consultation_Appointment_Flow" name="Test_Consultation_Appointment_Flow" time="28.525"/>
  <system-out/>
</testsuite> <!-- appointments_flow_tests.Test_Consultation_Appointment_Flow -->
