<?xml version="1.0" encoding="UTF-8"?>
<!-- Generated by org.testng.reporters.JUnitReportReporter -->
<testsuite hostname="Pranit-Dhole07" failures="0" tests="1" name="payments_tests.Test_Calculations_In_Payments" time="38.520" errors="0" timestamp="2023-04-17T14:29:05 IST" skipped="0">
  <testcase classname="payments_tests.Test_Calculations_In_Payments" name="Test_Total_Amount_BasedOn_UnitQuantity_CostPerUnit" time="38.520"/>
  <system-out/>
</testsuite> <!-- payments_tests.Test_Calculations_In_Payments -->
