<?xml version="1.0" encoding="UTF-8"?>
<!-- Generated by org.testng.reporters.JUnitReportReporter -->
<testsuite hostname="Pranit-Dhole07" failures="0" tests="2" name="costCalculator_tests.CalculateCost" time="52.480" errors="0" timestamp="2022-11-22T16:34:12 IST" skipped="0">
  <testcase classname="costCalculator_tests.CalculateCost" name="ProcedureCostCalculate" time="26.091"/>
  <system-out/>
  <testcase classname="costCalculator_tests.CalculateCost" name="ProcedureCostCalculate" time="26.389"/>
  <system-out/>
</testsuite> <!-- costCalculator_tests.CalculateCost -->
