<?xml version="1.0" encoding="UTF-8"?>
<!-- Generated by org.testng.reporters.JUnitReportReporter -->
<testsuite hostname="Pranit-Dhole07" failures="0" tests="3" name="Test_SuperDoctor_is_able_to_access_filters" time="44.566" errors="0" timestamp="2023-01-26T18:00:18 IST" skipped="0">
  <testcase classname="Test_SuperDoctor_is_able_to_access_filters" name="Test_SuperDoctor_is_able_to_apply_Counsellingfilter_in_appointmentsScreen" time="9.945"/>
  <system-out/>
  <testcase classname="Test_SuperDoctor_is_able_to_access_filters" name="Test_SuperDoctor_is_able_to_apply_Consultationfilter_in_appointmentsScreen" time="9.276"/>
  <system-out/>
  <testcase classname="Test_SuperDoctor_is_able_to_access_filters" name="Test_SuperDoctor_is_able_to_apply_Sessionfilter_in_appointmentsScreen" time="25.345"/>
  <system-out/>
</testsuite> <!-- Test_SuperDoctor_is_able_to_access_filters -->
