<?xml version="1.0" encoding="UTF-8"?>
<!-- Generated by org.testng.reporters.JUnitReportReporter -->
<testsuite hostname="Pranit-Dhole07" failures="0" tests="4" name="payments_tests.Test_Calender_FunctionalityIn_Invoices" time="54.350" errors="0" timestamp="2022-11-28T18:51:20 IST" skipped="0">
  <testcase classname="payments_tests.Test_Calender_FunctionalityIn_Invoices" name="Test_Invoice_Calender_PrevoiusMonth" time="13.034"/>
  <system-out/>
  <testcase classname="payments_tests.Test_Calender_FunctionalityIn_Invoices" name="Test_Invoice_Calender_Opening" time="12.362"/>
  <system-out/>
  <testcase classname="payments_tests.Test_Calender_FunctionalityIn_Invoices" name="Test_Invoice_Calender_Range" time="14.874"/>
  <system-out/>
  <testcase classname="payments_tests.Test_Calender_FunctionalityIn_Invoices" name="Test_Invoice_Calender_NextMonth" time="14.080"/>
  <system-out/>
</testsuite> <!-- payments_tests.Test_Calender_FunctionalityIn_Invoices -->
