<?xml version="1.0" encoding="UTF-8"?>
<!-- Generated by org.testng.reporters.JUnitReportReporter -->
<testsuite hostname="Pranit-Dhole07" failures="0" tests="1" name="payments_tests.Test001" time="11.516" errors="0" timestamp="2022-11-26T09:20:19 IST" skipped="0">
  <testcase classname="payments_tests.Test001" name="checkurl" time="11.516"/>
  <system-out/>
</testsuite> <!-- payments_tests.Test001 -->
