<?xml version="1.0" encoding="UTF-8"?>
<!-- Generated by org.testng.reporters.JUnitReportReporter -->
<testsuite hostname="Pranit-Dhole07" failures="0" tests="1" name="payments_tests.Test_Calender_Functionality_In_Payments" time="15.518" errors="0" timestamp="2023-04-17T14:29:05 IST" skipped="0">
  <testcase classname="payments_tests.Test_Calender_Functionality_In_Payments" name="Test_Invoice_Calender_Opening" time="15.518"/>
  <system-out/>
</testsuite> <!-- payments_tests.Test_Calender_Functionality_In_Payments -->
