<?xml version="1.0" encoding="UTF-8"?>
<!-- Generated by org.testng.reporters.JUnitReportReporter -->
<testsuite hostname="Pranit-Dhole07" failures="0" tests="5" name="login_Roles_tests.LoginDiffRoles" time="90.166" errors="0" timestamp="2022-11-22T16:34:12 IST" skipped="0">
  <testcase classname="login_Roles_tests.LoginDiffRoles" name="DifferentRolesLogin" time="16.632"/>
  <system-out/>
  <testcase classname="login_Roles_tests.LoginDiffRoles" name="DifferentRolesLogin" time="15.981"/>
  <system-out/>
  <testcase classname="login_Roles_tests.LoginDiffRoles" name="DifferentRolesLogin" time="14.614"/>
  <system-out/>
  <testcase classname="login_Roles_tests.LoginDiffRoles" name="DifferentRolesLogin" time="12.934"/>
  <system-out/>
  <testcase classname="login_Roles_tests.LoginDiffRoles" name="DifferentRolesLogin" time="30.005"/>
  <system-out/>
</testsuite> <!-- login_Roles_tests.LoginDiffRoles -->
