<?xml version="1.0" encoding="UTF-8"?>
<!-- Generated by org.testng.reporters.JUnitReportReporter -->
<testsuite hostname="Pranit-Dhole07" failures="0" tests="4" name="payments_tests.Test_CreditNote_from_Invoice" time="133.254" errors="0" timestamp="2023-04-17T14:29:05 IST" skipped="0">
  <testcase classname="payments_tests.Test_CreditNote_from_Invoice" name="Test_Delete_CreditNote_Invoice" time="34.656"/>
  <system-out/>
  <testcase classname="payments_tests.Test_CreditNote_from_Invoice" name="Test_Create_CreditNote_From_Invoice" time="31.129"/>
  <system-out/>
  <testcase classname="payments_tests.Test_CreditNote_from_Invoice" name="Test_Delete_CreditNote_Invoice" time="37.602"/>
  <system-out/>
  <testcase classname="payments_tests.Test_CreditNote_from_Invoice" name="Test_Create_CreditNote_From_Invoice" time="29.867"/>
  <system-out/>
</testsuite> <!-- payments_tests.Test_CreditNote_from_Invoice -->
