<?xml version="1.0" encoding="UTF-8"?>
<!-- Generated by org.testng.reporters.JUnitReportReporter -->
<testsuite hostname="Pranit-Dhole07" failures="0" tests="3" name="frontdesk_tests.Test_FrontDesk_is_able_to_access_filters" time="71.772" errors="0" timestamp="2023-04-17T14:29:05 IST" skipped="0">
  <testcase classname="frontdesk_tests.Test_FrontDesk_is_able_to_access_filters" name="Test_FrontDesk_is_able_to_apply_Counsellingfilter_in_appointmentsScreen" time="23.656"/>
  <system-out/>
  <testcase classname="frontdesk_tests.Test_FrontDesk_is_able_to_access_filters" name="Test_FrontDesk_is_able_to_apply_Consultationfilter_in_appointmentsScreen" time="25.832"/>
  <system-out/>
  <testcase classname="frontdesk_tests.Test_FrontDesk_is_able_to_access_filters" name="Test_FrontDesk_is_able_to_apply_Sessionfilter_in_appointmentsScreen" time="22.284"/>
  <system-out/>
</testsuite> <!-- frontdesk_tests.Test_FrontDesk_is_able_to_access_filters -->
