<?xml version="1.0" encoding="UTF-8"?>
<!-- Generated by org.testng.reporters.JUnitReportReporter -->
<testsuite hostname="Pranit-Dhole07" failures="0" tests="2" name="costCalculator_tests.Test_CalculateCost" time="61.530" errors="0" timestamp="2022-11-30T19:51:40 IST" skipped="0">
  <testcase classname="costCalculator_tests.Test_CalculateCost" name="Test_Calculate_Cost_For_Procedure" time="18.085"/>
  <system-out/>
  <testcase classname="costCalculator_tests.Test_CalculateCost" name="Test_Calculate_Cost_For_Procedure" time="43.445"/>
  <system-out/>
</testsuite> <!-- costCalculator_tests.Test_CalculateCost -->
