<?xml version="1.0" encoding="UTF-8"?>
<!-- Generated by org.testng.reporters.JUnitReportReporter -->
<testsuite hostname="Pranit-Dhole07" failures="0" tests="2" name="payments_tests.Test_Deleting_CreditNote" time="100.583" errors="0" timestamp="2022-11-30T19:51:40 IST" skipped="0">
  <testcase classname="payments_tests.Test_Deleting_CreditNote" name="Test_Delete_Recently_Created_CreditNote" time="52.658"/>
  <system-out/>
  <testcase classname="payments_tests.Test_Deleting_CreditNote" name="Test_Delete_Recently_Created_CreditNote" time="47.925"/>
  <system-out/>
</testsuite> <!-- payments_tests.Test_Deleting_CreditNote -->
