<?xml version="1.0" encoding="UTF-8"?>
<!-- Generated by org.testng.reporters.JUnitReportReporter -->
<testsuite hostname="Pranit-Dhole07" failures="0" tests="6" name="payments_tests.Test_NewCreditNote" time="174.597" errors="0" timestamp="2022-11-30T19:51:41 IST" skipped="0">
  <testcase classname="payments_tests.Test_NewCreditNote" name="Test_Create_CreditNote_For_Product" time="29.980"/>
  <system-out/>
  <testcase classname="payments_tests.Test_NewCreditNote" name="Test_Create_CreditNote_For_Product" time="26.507"/>
  <system-out/>
  <testcase classname="payments_tests.Test_NewCreditNote" name="Test_CreditNote_Filters_Open" time="16.848"/>
  <system-out/>
  <testcase classname="payments_tests.Test_NewCreditNote" name="Test_Create_CreditNote_For_Procedure" time="42.533"/>
  <system-out/>
  <testcase classname="payments_tests.Test_NewCreditNote" name="Test_CreditNote_Filters_Close" time="32.746"/>
  <system-out/>
  <testcase classname="payments_tests.Test_NewCreditNote" name="Test_Create_CreditNote_For_Procedure" time="25.983"/>
  <system-out/>
</testsuite> <!-- payments_tests.Test_NewCreditNote -->
