<?xml version="1.0" encoding="UTF-8"?>
<!-- Generated by org.testng.reporters.JUnitReportReporter -->
<testsuite hostname="Pranit-Dhole07" failures="0" tests="3" name="payments_tests.Test_Create_RetainerInvoice" time="143.013" errors="0" timestamp="2022-11-30T19:51:41 IST" skipped="0">
  <testcase classname="payments_tests.Test_Create_RetainerInvoice" name="Create_New_RetainerInvoice" time="46.332"/>
  <system-out/>
  <testcase classname="payments_tests.Test_Create_RetainerInvoice" name="Create_New_RetainerInvoice" time="48.589"/>
  <system-out/>
  <testcase classname="payments_tests.Test_Create_RetainerInvoice" name="Create_New_RetainerInvoice" time="48.092"/>
  <system-out/>
</testsuite> <!-- payments_tests.Test_Create_RetainerInvoice -->
