<?xml version="1.0" encoding="UTF-8"?>
<!-- Generated by org.testng.reporters.JUnitReportReporter -->
<testsuite hostname="Pranit-Dhole07" failures="0" tests="5" name="login_Roles_tests.Test_Login_For_Different_Roles" time="133.838" errors="0" timestamp="2022-11-30T19:51:41 IST" skipped="0">
  <testcase classname="login_Roles_tests.Test_Login_For_Different_Roles" name="Test_Different_Roles_Login" time="12.018"/>
  <system-out/>
  <testcase classname="login_Roles_tests.Test_Login_For_Different_Roles" name="Test_Different_Roles_Login" time="33.766"/>
  <system-out/>
  <testcase classname="login_Roles_tests.Test_Login_For_Different_Roles" name="Test_Different_Roles_Login" time="33.408"/>
  <system-out/>
  <testcase classname="login_Roles_tests.Test_Login_For_Different_Roles" name="Test_Different_Roles_Login" time="26.923"/>
  <system-out/>
  <testcase classname="login_Roles_tests.Test_Login_For_Different_Roles" name="Test_Different_Roles_Login" time="27.723"/>
  <system-out/>
</testsuite> <!-- login_Roles_tests.Test_Login_For_Different_Roles -->
