<?xml version="1.0" encoding="UTF-8"?>
<!-- Generated by org.testng.reporters.JUnitReportReporter -->
<testsuite hostname="Pranit-Dhole07" failures="0" tests="1" name="payments_tests.Test_Calculations_In_CreditNotes" time="20.177" errors="0" timestamp="2022-11-30T19:51:41 IST" skipped="0">
  <testcase classname="payments_tests.Test_Calculations_In_CreditNotes" name="Test_TotalAmount_BasedOn_Quantity_And_CostPerUnit" time="20.177"/>
  <system-out/>
</testsuite> <!-- payments_tests.Test_Calculations_In_CreditNotes -->
