<?xml version="1.0" encoding="UTF-8"?>
<!-- Generated by org.testng.reporters.JUnitReportReporter -->
<testsuite hostname="Pranit-Dhole07" failures="0" tests="1" name="appointments_tests.Test_Counselling_Appointment_Booking" time="44.332" errors="0" timestamp="2022-11-30T19:51:41 IST" skipped="0">
  <testcase classname="appointments_tests.Test_Counselling_Appointment_Booking" name="Test_Book_Counselling_Appoinments" time="44.332"/>
  <system-out/>
</testsuite> <!-- appointments_tests.Test_Counselling_Appointment_Booking -->
