<?xml version="1.0" encoding="UTF-8"?>
<!-- Generated by org.testng.reporters.JUnitReportReporter -->
<testsuite hostname="Pranit-Dhole07" failures="0" tests="4" name="payments_tests.Test_Calender_Functionality_In_Payments" time="83.504" errors="0" timestamp="2022-11-30T19:51:41 IST" skipped="0">
  <testcase classname="payments_tests.Test_Calender_Functionality_In_Payments" name="Test_Invoice_Calender_Range" time="20.566"/>
  <system-out/>
  <testcase classname="payments_tests.Test_Calender_Functionality_In_Payments" name="Test_Invoice_Calender_NextMonth" time="21.642"/>
  <system-out/>
  <testcase classname="payments_tests.Test_Calender_Functionality_In_Payments" name="Test_Invoice_Calender_Opening" time="21.066"/>
  <system-out/>
  <testcase classname="payments_tests.Test_Calender_Functionality_In_Payments" name="Test_Invoice_Calender_PrevoiusMonth" time="20.230"/>
  <system-out/>
</testsuite> <!-- payments_tests.Test_Calender_Functionality_In_Payments -->
