<?xml version="1.0" encoding="UTF-8"?>
<!-- Generated by org.testng.reporters.JUnitReportReporter -->
<testsuite hostname="Pranit-Dhole07" failures="0" tests="3" name="feedback_tests.Test_NewFeedback" time="121.168" errors="0" timestamp="2022-11-30T20:06:27 IST" skipped="0">
  <testcase classname="feedback_tests.Test_NewFeedback" name="Share_Feedback_Through_Whatsapp" time="39.108"/>
  <system-out/>
  <testcase classname="feedback_tests.Test_NewFeedback" name="Share_Feedback_Through_Mail" time="42.234"/>
  <system-out/>
  <testcase classname="feedback_tests.Test_NewFeedback" name="Create_Feedback" time="39.826"/>
  <system-out/>
</testsuite> <!-- feedback_tests.Test_NewFeedback -->
